Using pre-set license
Built from '2020.3/release' branch; Version is '2020.3.31f1 (6b54b7616050) revision 7034039'; Using compiler version '192528614'; Build Type 'Release'
OS: 'Windows 10  (10.0.19043) 64bit CoreSingleLanguage' Language: 'pt' Physical Memory: 7637 MB
BatchMode: 1, IsHumanControllingUs: 0, StartBugReporterOnCrash: 0, Is64bit: 1, IsPro: 0

COMMAND LINE ARGUMENTS:
C:\Program Files\Unity\Hub\Editor\2020.3.31f1\Editor\Unity.exe
-adb2
-batchMode
-noUpm
-name
AssetImportWorker4
-projectPath
C:/Users/rafae/Documents/GitHub/Jogo/JogoFAJ
-logFile
Logs/AssetImportWorker4.log
-srvPort
59621
Successfully changed project path to: C:/Users/rafae/Documents/GitHub/Jogo/JogoFAJ
C:/Users/rafae/Documents/GitHub/Jogo/JogoFAJ
Using Asset Import Pipeline V2.
Refreshing native plugins compatible for Editor in 225.10 ms, found 3 plugins.
Preloading 0 native plugins for Editor in 0.00 ms.
Initialize engine version: 2020.3.31f1 (6b54b7616050)
[Subsystems] Discovering subsystems at path C:/Program Files/Unity/Hub/Editor/2020.3.31f1/Editor/Data/Resources/UnitySubsystems
[Subsystems] Discovering subsystems at path C:/Users/rafae/Documents/GitHub/Jogo/JogoFAJ/Assets
GfxDevice: creating device client; threaded=0
Direct3D:
    Version:  Direct3D 11.0 [level 11.1]
    Renderer: AMD Radeon(TM) RX540 (ID=0x699f)
    Vendor:   
    VRAM:     2032 MB
    Driver:   22.19.163.1792
Initialize mono
Mono path[0] = 'C:/Program Files/Unity/Hub/Editor/2020.3.31f1/Editor/Data/Managed'
Mono path[1] = 'C:/Program Files/Unity/Hub/Editor/2020.3.31f1/Editor/Data/MonoBleedingEdge/lib/mono/unityjit'
Mono config path = 'C:/Program Files/Unity/Hub/Editor/2020.3.31f1/Editor/Data/MonoBleedingEdge/etc'
Using monoOptions --debugger-agent=transport=dt_socket,embedding=1,server=y,suspend=n,address=127.0.0.1:56452
Begin MonoManager ReloadAssembly
Registering precompiled unity dll's ...
Register platform support module: C:/Program Files/Unity/Hub/Editor/2020.3.31f1/Editor/Data/PlaybackEngines/WebGLSupport/UnityEditor.WebGL.Extensions.dll
Register platform support module: C:/Program Files/Unity/Hub/Editor/2020.3.31f1/Editor/Data/PlaybackEngines/WindowsStandaloneSupport/UnityEditor.WindowsStandalone.Extensions.dll
Registered in 0.028494 seconds.
Native extension for WindowsStandalone target not found
Native extension for WebGL target not found
Refreshing native plugins compatible for Editor in 164.12 ms, found 3 plugins.
Preloading 0 native plugins for Editor in 0.00 ms.
Mono: successfully reloaded assembly
- Completed reload, in  4.314 seconds
Domain Reload Profiling:
	ReloadAssembly (4315ms)
		BeginReloadAssembly (866ms)
			ExecutionOrderSort (0ms)
			DisableScriptedObjects (0ms)
			BackupInstance (0ms)
			ReleaseScriptingObjects (0ms)
			CreateAndSetChildDomain (25ms)
		EndReloadAssembly (2963ms)
			LoadAssemblies (827ms)
			RebuildTransferFunctionScriptingTraits (0ms)
			SetupTypeCache (1256ms)
			ReleaseScriptCaches (0ms)
			RebuildScriptCaches (276ms)
			SetupLoadedEditorAssemblies (648ms)
				LogAssemblyErrors (0ms)
				InitializePlatformSupportModulesInManaged (28ms)
				SetLoadedEditorAssemblies (1ms)
				RefreshPlugins (164ms)
				BeforeProcessingInitializeOnLoad (48ms)
				ProcessInitializeOnLoadAttributes (319ms)
				ProcessInitializeOnLoadMethodAttributes (86ms)
				AfterProcessingInitializeOnLoad (0ms)
				EditorAssembliesLoaded (1ms)
			ExecutionOrderSort2 (0ms)
			AwakeInstancesAfterBackupRestoration (0ms)
Platform modules already initialized, skipping
Registering precompiled user dll's ...
Registered in 0.015779 seconds.
Begin MonoManager ReloadAssembly
Symbol file LoadedFromMemory doesn't match image C:\Users\rafae\Documents\GitHub\Jogo\JogoFAJ\Library\PackageCache\com.unity.collab-proxy@1.15.15\Lib\Editor\PlasticSCM\unityplastic.dll
Native extension for WindowsStandalone target not found
Native extension for WebGL target not found
Refreshing native plugins compatible for Editor in 221.24 ms, found 3 plugins.
Preloading 0 native plugins for Editor in 0.00 ms.
Mono: successfully reloaded assembly
- Completed reload, in  8.127 seconds
Domain Reload Profiling:
	ReloadAssembly (8133ms)
		BeginReloadAssembly (712ms)
			ExecutionOrderSort (0ms)
			DisableScriptedObjects (25ms)
			BackupInstance (0ms)
			ReleaseScriptingObjects (0ms)
			CreateAndSetChildDomain (56ms)
		EndReloadAssembly (7210ms)
			LoadAssemblies (2716ms)
			RebuildTransferFunctionScriptingTraits (0ms)
			SetupTypeCache (1377ms)
			ReleaseScriptCaches (1ms)
			RebuildScriptCaches (304ms)
			SetupLoadedEditorAssemblies (2196ms)
				LogAssemblyErrors (0ms)
				InitializePlatformSupportModulesInManaged (22ms)
				SetLoadedEditorAssemblies (1ms)
				RefreshPlugins (222ms)
				BeforeProcessingInitializeOnLoad (452ms)
				ProcessInitializeOnLoadAttributes (1361ms)
				ProcessInitializeOnLoadMethodAttributes (88ms)
				AfterProcessingInitializeOnLoad (50ms)
				EditorAssembliesLoaded (1ms)
			ExecutionOrderSort2 (0ms)
			AwakeInstancesAfterBackupRestoration (25ms)
Platform modules already initialized, skipping
========================================================================
Worker process is ready to serve import requests
Launched and connected shader compiler UnityShaderCompiler.exe after 1.15 seconds
Refreshing native plugins compatible for Editor in 2.15 ms, found 3 plugins.
Preloading 0 native plugins for Editor in 0.00 ms.
Unloading 2208 Unused Serialized files (Serialized files now loaded: 0)
System memory in use before: 97.4 MB.
System memory in use after: 97.4 MB.

Unloading 26 unused Assets to reduce memory usage. Loaded Objects now: 2645.
Total: 12.025300 ms (FindLiveObjects: 0.492200 ms CreateObjectMapping: 0.208500 ms MarkObjects: 10.875700 ms  DeleteObjects: 0.445100 ms)

AssetImportParameters requested are different than current active one (requested -> active):
  custom:framework-win-MediaFoundation: 216162199b28c13a410421893ffa2e32 -> 
  custom:video-decoder-ogg-theora: a1e56fd34408186e4bbccfd4996cb3dc -> 
  custom:container-muxer-webm: aa71ff27fc2769a1b78a27578f13a17b -> 
  custom:container-demuxer-webm: 4f35f7cbe854078d1ac9338744f61a02 -> 
  custom:container-demuxer-ogg: 62fdf1f143b41e24485cea50d1cbac27 -> 
  custom:video-encoder-webm-vp8: eb34c28f22e8b96e1ab97ce403110664 -> 
  custom:video-decoder-webm-vp8: 9c59270c3fd7afecdb556c50c9e8de78 -> 
  custom:audio-decoder-ogg-vorbis: bf7c407c2cedff20999df2af8eb42d56 -> 
  custom:audio-encoder-webm-vorbis: bf7c407c2cedff20999df2af8eb42d56 -> 
========================================================================
Received Import Request.
  path: Assets/Personagens/Inimigo1
  artifactKey: Guid(c90cc3e64cd03404faacf478fd208fbb) Importer(815301076,1909f56bfc062723c751e8b465ee728b)
Start importing Assets/Personagens/Inimigo1 using Guid(c90cc3e64cd03404faacf478fd208fbb) Importer(815301076,1909f56bfc062723c751e8b465ee728b)  -> (artifact id: 'df637f9cb3eab6557e4fd15560fae549') in 0.116677 seconds 
========================================================================
Received Import Request.
  Time since last request: 2.202935 seconds.
  path: Assets/Personagens/Inimigo1/Parado
  artifactKey: Guid(30d1bd76e24e3f24c8e393d4d92416a2) Importer(815301076,1909f56bfc062723c751e8b465ee728b)
Start importing Assets/Personagens/Inimigo1/Parado using Guid(30d1bd76e24e3f24c8e393d4d92416a2) Importer(815301076,1909f56bfc062723c751e8b465ee728b)  -> (artifact id: '2614693bd30ed1f26d3afb944fc74038') in 0.061290 seconds 
========================================================================
Received Import Request.
  Time since last request: 0.000990 seconds.
  path: Assets/Personagens/Inimigo1/Parado/Wraith_01_Idle_002.png
  artifactKey: Guid(29fb5112cbe2e4c45ba691b718d7d236) Importer(815301076,1909f56bfc062723c751e8b465ee728b)
Start importing Assets/Personagens/Inimigo1/Parado/Wraith_01_Idle_002.png using Guid(29fb5112cbe2e4c45ba691b718d7d236) Importer(815301076,1909f56bfc062723c751e8b465ee728b)  -> (artifact id: '203359f7debee513679e2415d2a32764') in 0.675876 seconds 
========================================================================
Received Import Request.
  Time since last request: 0.001726 seconds.
  path: Assets/Personagens/Inimigo1/Parado/Wraith_01_Idle_000.png
  artifactKey: Guid(18a425e33e00258458fd35d9363b6f1e) Importer(815301076,1909f56bfc062723c751e8b465ee728b)
Start importing Assets/Personagens/Inimigo1/Parado/Wraith_01_Idle_000.png using Guid(18a425e33e00258458fd35d9363b6f1e) Importer(815301076,1909f56bfc062723c751e8b465ee728b)  -> (artifact id: '01e29d8f7e82b51830977e67bf8b64dc') in 0.082952 seconds 
========================================================================
Received Import Request.
  Time since last request: 0.000984 seconds.
  path: Assets/Personagens/Inimigo1/Parado/Wraith_01_Idle_007.png
  artifactKey: Guid(c9d46e4430e2c4d47bcaaca72ba5b979) Importer(815301076,1909f56bfc062723c751e8b465ee728b)
Start importing Assets/Personagens/Inimigo1/Parado/Wraith_01_Idle_007.png using Guid(c9d46e4430e2c4d47bcaaca72ba5b979) Importer(815301076,1909f56bfc062723c751e8b465ee728b)  -> (artifact id: 'd5ab8a5801ba9bb3b304f98c1708c8e1') in 0.084662 seconds 
========================================================================
Received Import Request.
  Time since last request: 0.001047 seconds.
  path: Assets/Personagens/Inimigo1/Parado/Wraith_01_Idle_005.png
  artifactKey: Guid(3b575434204880845a7745516559a3b6) Importer(815301076,1909f56bfc062723c751e8b465ee728b)
Start importing Assets/Personagens/Inimigo1/Parado/Wraith_01_Idle_005.png using Guid(3b575434204880845a7745516559a3b6) Importer(815301076,1909f56bfc062723c751e8b465ee728b)  -> (artifact id: '0c3aca97b853fcf484fcbfe00e7d729e') in 0.107370 seconds 
========================================================================
Received Import Request.
  Time since last request: 0.001087 seconds.
  path: Assets/Personagens/Inimigo1/Parado/Wraith_01_Idle_006.png
  artifactKey: Guid(e1104dd16244c0241847fe6c35e03aad) Importer(815301076,1909f56bfc062723c751e8b465ee728b)
Start importing Assets/Personagens/Inimigo1/Parado/Wraith_01_Idle_006.png using Guid(e1104dd16244c0241847fe6c35e03aad) Importer(815301076,1909f56bfc062723c751e8b465ee728b)  -> (artifact id: 'cb2a2a7095f2e006a08ec8b85370dd86') in 0.083975 seconds 
========================================================================
Received Import Request.
  Time since last request: 0.000958 seconds.
  path: Assets/Personagens/Inimigo1/Parado/Wraith_01_Idle_001.png
  artifactKey: Guid(76c3dae4d3a3c574dbc1199951d6a974) Importer(815301076,1909f56bfc062723c751e8b465ee728b)
Start importing Assets/Personagens/Inimigo1/Parado/Wraith_01_Idle_001.png using Guid(76c3dae4d3a3c574dbc1199951d6a974) Importer(815301076,1909f56bfc062723c751e8b465ee728b)  -> (artifact id: 'd37dbf33fb4354d12e38b219b5eb83ac') in 0.091054 seconds 
========================================================================
Received Import Request.
  Time since last request: 0.001308 seconds.
  path: Assets/Personagens/Inimigo1/Parado/Wraith_01_Idle_003.png
  artifactKey: Guid(67fabcdf719149b459a7cf3f9b266abf) Importer(815301076,1909f56bfc062723c751e8b465ee728b)
Start importing Assets/Personagens/Inimigo1/Parado/Wraith_01_Idle_003.png using Guid(67fabcdf719149b459a7cf3f9b266abf) Importer(815301076,1909f56bfc062723c751e8b465ee728b)  -> (artifact id: 'c258efa12e490a628f9a359166a46135') in 0.088917 seconds 
========================================================================
Received Import Request.
  Time since last request: 0.000997 seconds.
  path: Assets/Personagens/Inimigo1/Parado/Wraith_01_Idle_004.png
  artifactKey: Guid(815e0269766a80b49a2237b9bf9c2728) Importer(815301076,1909f56bfc062723c751e8b465ee728b)
Start importing Assets/Personagens/Inimigo1/Parado/Wraith_01_Idle_004.png using Guid(815e0269766a80b49a2237b9bf9c2728) Importer(815301076,1909f56bfc062723c751e8b465ee728b)  -> (artifact id: 'b53814f1ebdc94c914bfb8f39dd5ef99') in 0.114475 seconds 
========================================================================
Received Import Request.
  Time since last request: 0.000992 seconds.
  path: Assets/Personagens/Inimigo1/Parado/Wraith_01_Idle_010.png
  artifactKey: Guid(4025ddad09f29b0498b537938b4abd9f) Importer(815301076,1909f56bfc062723c751e8b465ee728b)
Start importing Assets/Personagens/Inimigo1/Parado/Wraith_01_Idle_010.png using Guid(4025ddad09f29b0498b537938b4abd9f) Importer(815301076,1909f56bfc062723c751e8b465ee728b)  -> (artifact id: 'ee95406e812474d165284b6c16f56938') in 0.107402 seconds 
========================================================================
Received Import Request.
  Time since last request: 0.000945 seconds.
  path: Assets/Personagens/Inimigo1/Parado/Wraith_01_Idle_008.png
  artifactKey: Guid(b6bca65ccaef4f549a5d19ab211b1f8d) Importer(815301076,1909f56bfc062723c751e8b465ee728b)
Start importing Assets/Personagens/Inimigo1/Parado/Wraith_01_Idle_008.png using Guid(b6bca65ccaef4f549a5d19ab211b1f8d) Importer(815301076,1909f56bfc062723c751e8b465ee728b)  -> (artifact id: 'b02a4f6de457a73f4f37c9762f046f2d') in 0.089291 seconds 
========================================================================
Received Import Request.
  Time since last request: 0.001193 seconds.
  path: Assets/Personagens/Inimigo1/Parado/Wraith_01_Idle_009.png
  artifactKey: Guid(28c7bfa018b597f4b995699185213df8) Importer(815301076,1909f56bfc062723c751e8b465ee728b)
Start importing Assets/Personagens/Inimigo1/Parado/Wraith_01_Idle_009.png using Guid(28c7bfa018b597f4b995699185213df8) Importer(815301076,1909f56bfc062723c751e8b465ee728b)  -> (artifact id: '8aa2cec0f10424e71444a6b916d1a23c') in 0.099619 seconds 
========================================================================
Received Import Request.
  Time since last request: 0.000898 seconds.
  path: Assets/Personagens/Inimigo1/Parado/Wraith_01_Idle_011.png
  artifactKey: Guid(af064a2ac2d8ef2419ba246c7d7166ad) Importer(815301076,1909f56bfc062723c751e8b465ee728b)
Start importing Assets/Personagens/Inimigo1/Parado/Wraith_01_Idle_011.png using Guid(af064a2ac2d8ef2419ba246c7d7166ad) Importer(815301076,1909f56bfc062723c751e8b465ee728b)  -> (artifact id: 'ee38d0ff90fa4423dd64ff19026e8ec4') in 0.098583 seconds 
========================================================================
Received Import Request.
  Time since last request: 444.322384 seconds.
  path: Assets/Personagens/Inimigo1/Andando/Wraith_01_Moving Forward_000.png
  artifactKey: Guid(56ed3ca40b06024449110dc4c32d127e) Importer(815301076,1909f56bfc062723c751e8b465ee728b)
Start importing Assets/Personagens/Inimigo1/Andando/Wraith_01_Moving Forward_000.png using Guid(56ed3ca40b06024449110dc4c32d127e) Importer(815301076,1909f56bfc062723c751e8b465ee728b)  -> (artifact id: '0d1500af3fa748b22d74b4f45a02bb6b') in 0.066144 seconds 
========================================================================
Received Import Request.
  Time since last request: 0.000889 seconds.
  path: Assets/Personagens/Inimigo1/Andando/Wraith_01_Moving Forward_002.png
  artifactKey: Guid(832938adc0657d44f98321565c56f686) Importer(815301076,1909f56bfc062723c751e8b465ee728b)
Start importing Assets/Personagens/Inimigo1/Andando/Wraith_01_Moving Forward_002.png using Guid(832938adc0657d44f98321565c56f686) Importer(815301076,1909f56bfc062723c751e8b465ee728b)  -> (artifact id: '968e125cf468e6c317b4b48099ae1a74') in 0.095044 seconds 
========================================================================
Received Import Request.
  Time since last request: 0.000811 seconds.
  path: Assets/Personagens/Inimigo1/Andando/Wraith_01_Moving Forward_005.png
  artifactKey: Guid(91faa99c0fb24fe458793e37b0a868fc) Importer(815301076,1909f56bfc062723c751e8b465ee728b)
Start importing Assets/Personagens/Inimigo1/Andando/Wraith_01_Moving Forward_005.png using Guid(91faa99c0fb24fe458793e37b0a868fc) Importer(815301076,1909f56bfc062723c751e8b465ee728b)  -> (artifact id: '83af84d502a6f609585f891e58fb5fb8') in 0.080518 seconds 
========================================================================
Received Import Request.
  Time since last request: 0.000971 seconds.
  path: Assets/Personagens/Inimigo1/Andando/Wraith_01_Moving Forward_007.png
  artifactKey: Guid(ea846dc564c76d0499223ae91b4867be) Importer(815301076,1909f56bfc062723c751e8b465ee728b)
Start importing Assets/Personagens/Inimigo1/Andando/Wraith_01_Moving Forward_007.png using Guid(ea846dc564c76d0499223ae91b4867be) Importer(815301076,1909f56bfc062723c751e8b465ee728b)  -> (artifact id: 'f9042363eac843b8ea76699d420b8cc9') in 0.107117 seconds 
========================================================================
Received Import Request.
  Time since last request: 0.000940 seconds.
  path: Assets/Personagens/Inimigo1/Andando/Wraith_01_Moving Forward_008.png
  artifactKey: Guid(142e78196a9981b4598a41745db961d7) Importer(815301076,1909f56bfc062723c751e8b465ee728b)
Start importing Assets/Personagens/Inimigo1/Andando/Wraith_01_Moving Forward_008.png using Guid(142e78196a9981b4598a41745db961d7) Importer(815301076,1909f56bfc062723c751e8b465ee728b)  -> (artifact id: '1d1c9c8c7c0e4aab7fad03db5edbfc92') in 0.110700 seconds 
========================================================================
Received Import Request.
  Time since last request: 0.000928 seconds.
  path: Assets/Personagens/Inimigo1/Andando/Wraith_01_Moving Forward_001.png
  artifactKey: Guid(266a84dbec2ca4c48b3424715c4a9404) Importer(815301076,1909f56bfc062723c751e8b465ee728b)
Start importing Assets/Personagens/Inimigo1/Andando/Wraith_01_Moving Forward_001.png using Guid(266a84dbec2ca4c48b3424715c4a9404) Importer(815301076,1909f56bfc062723c751e8b465ee728b)  -> (artifact id: '8f810ef0b649d815cda182b82ad8b79f') in 0.113546 seconds 
========================================================================
Received Import Request.
  Time since last request: 0.000828 seconds.
  path: Assets/Personagens/Inimigo1/Andando/Wraith_01_Moving Forward_006.png
  artifactKey: Guid(f3c83ee0f28a9fa4a84a51be9b0ec4ab) Importer(815301076,1909f56bfc062723c751e8b465ee728b)
Start importing Assets/Personagens/Inimigo1/Andando/Wraith_01_Moving Forward_006.png using Guid(f3c83ee0f28a9fa4a84a51be9b0ec4ab) Importer(815301076,1909f56bfc062723c751e8b465ee728b)  -> (artifact id: 'ceaee0cc31638428ebfec23e1995578f') in 0.082106 seconds 
========================================================================
Received Import Request.
  Time since last request: 0.001077 seconds.
  path: Assets/Personagens/Inimigo1/Andando/Wraith_01_Moving Forward_011.png
  artifactKey: Guid(6f4963184a9e9284197d764df8170d0b) Importer(815301076,1909f56bfc062723c751e8b465ee728b)
Start importing Assets/Personagens/Inimigo1/Andando/Wraith_01_Moving Forward_011.png using Guid(6f4963184a9e9284197d764df8170d0b) Importer(815301076,1909f56bfc062723c751e8b465ee728b)  -> (artifact id: '6c09eba84de6f9b1d230a370d37a230a') in 0.113934 seconds 
========================================================================
Received Import Request.
  Time since last request: 0.000970 seconds.
  path: Assets/Personagens/Inimigo1/Andando/Wraith_01_Moving Forward_009.png
  artifactKey: Guid(7cd5d7b315051794a9fb2da3475b957d) Importer(815301076,1909f56bfc062723c751e8b465ee728b)
Start importing Assets/Personagens/Inimigo1/Andando/Wraith_01_Moving Forward_009.png using Guid(7cd5d7b315051794a9fb2da3475b957d) Importer(815301076,1909f56bfc062723c751e8b465ee728b)  -> (artifact id: 'de6d2f9b0d38328b3fddea34ecf52531') in 0.100922 seconds 
========================================================================
Received Import Request.
  Time since last request: 0.000912 seconds.
  path: Assets/Personagens/Inimigo1/Andando/Wraith_01_Moving Forward_010.png
  artifactKey: Guid(ed0b585367c85294facdf4c09a6824a2) Importer(815301076,1909f56bfc062723c751e8b465ee728b)
Start importing Assets/Personagens/Inimigo1/Andando/Wraith_01_Moving Forward_010.png using Guid(ed0b585367c85294facdf4c09a6824a2) Importer(815301076,1909f56bfc062723c751e8b465ee728b)  -> (artifact id: 'ca2a71903d325dbf0a3483fcd88c722c') in 0.107176 seconds 
========================================================================
Received Import Request.
  Time since last request: 0.002657 seconds.
  path: Assets/Personagens/Inimigo1/Andando/Wraith_01_Moving Forward_003.png
  artifactKey: Guid(4061c70a9c9b7d84bb5a3719eb721cc4) Importer(815301076,1909f56bfc062723c751e8b465ee728b)
Start importing Assets/Personagens/Inimigo1/Andando/Wraith_01_Moving Forward_003.png using Guid(4061c70a9c9b7d84bb5a3719eb721cc4) Importer(815301076,1909f56bfc062723c751e8b465ee728b)  -> (artifact id: '7f09dc768ea9b7d63d0136daee4ad0ff') in 0.098657 seconds 
========================================================================
Received Import Request.
  Time since last request: 0.000833 seconds.
  path: Assets/Personagens/Inimigo1/Andando/Wraith_01_Moving Forward_004.png
  artifactKey: Guid(6b9325c815f399b4cae584ae3fdf9175) Importer(815301076,1909f56bfc062723c751e8b465ee728b)
Start importing Assets/Personagens/Inimigo1/Andando/Wraith_01_Moving Forward_004.png using Guid(6b9325c815f399b4cae584ae3fdf9175) Importer(815301076,1909f56bfc062723c751e8b465ee728b)  -> (artifact id: '50cda66bdc65478364ae89d8faf8e388') in 0.092315 seconds 
========================================================================
Received Import Request.
  Time since last request: 427.252090 seconds.
  path: Assets/Scripts/inimigo.cs
  artifactKey: Guid(5d5c9942935b3634e8fe343984fa57dd) Importer(815301076,1909f56bfc062723c751e8b465ee728b)
Start importing Assets/Scripts/inimigo.cs using Guid(5d5c9942935b3634e8fe343984fa57dd) Importer(815301076,1909f56bfc062723c751e8b465ee728b)  -> (artifact id: 'bb948610cf1f919abfd19879035ddadf') in 0.402153 seconds 
========================================================================
Received Prepare
Registering precompiled user dll's ...
Registered in 0.336274 seconds.
Begin MonoManager ReloadAssembly
Symbol file LoadedFromMemory doesn't match image C:\Users\rafae\Documents\GitHub\Jogo\JogoFAJ\Library\PackageCache\com.unity.collab-proxy@1.15.15\Lib\Editor\PlasticSCM\unityplastic.dll
Native extension for WindowsStandalone target not found
Native extension for WebGL target not found
Refreshing native plugins compatible for Editor in 1.75 ms, found 3 plugins.
Preloading 0 native plugins for Editor in 0.00 ms.
Mono: successfully reloaded assembly
- Completed reload, in 10.896 seconds
Domain Reload Profiling:
	ReloadAssembly (10905ms)
		BeginReloadAssembly (3711ms)
			ExecutionOrderSort (0ms)
			DisableScriptedObjects (44ms)
			BackupInstance (0ms)
			ReleaseScriptingObjects (0ms)
			CreateAndSetChildDomain (468ms)
		EndReloadAssembly (6615ms)
			LoadAssemblies (2646ms)
			RebuildTransferFunctionScriptingTraits (0ms)
			SetupTypeCache (2815ms)
			ReleaseScriptCaches (3ms)
			RebuildScriptCaches (243ms)
			SetupLoadedEditorAssemblies (1833ms)
				LogAssemblyErrors (0ms)
				InitializePlatformSupportModulesInManaged (33ms)
				SetLoadedEditorAssemblies (2ms)
				RefreshPlugins (2ms)
				BeforeProcessingInitializeOnLoad (512ms)
				ProcessInitializeOnLoadAttributes (1168ms)
				ProcessInitializeOnLoadMethodAttributes (69ms)
				AfterProcessingInitializeOnLoad (47ms)
				EditorAssembliesLoaded (1ms)
			ExecutionOrderSort2 (0ms)
			AwakeInstancesAfterBackupRestoration (55ms)
Platform modules already initialized, skipping
Refreshing native plugins compatible for Editor in 1.26 ms, found 3 plugins.
Preloading 0 native plugins for Editor in 0.00 ms.
Unloading 2199 Unused Serialized files (Serialized files now loaded: 0)
System memory in use before: 99.8 MB.
System memory in use after: 99.9 MB.

Unloading 15 unused Assets to reduce memory usage. Loaded Objects now: 2655.
Total: 11.436000 ms (FindLiveObjects: 0.627600 ms CreateObjectMapping: 0.242000 ms MarkObjects: 10.244800 ms  DeleteObjects: 0.317900 ms)

AssetImportParameters requested are different than current active one (requested -> active):
  custom:framework-win-MediaFoundation: 216162199b28c13a410421893ffa2e32 -> 
  custom:video-decoder-ogg-theora: a1e56fd34408186e4bbccfd4996cb3dc -> 
  custom:container-muxer-webm: aa71ff27fc2769a1b78a27578f13a17b -> 
  custom:container-demuxer-webm: 4f35f7cbe854078d1ac9338744f61a02 -> 
  custom:container-demuxer-ogg: 62fdf1f143b41e24485cea50d1cbac27 -> 
  custom:video-encoder-webm-vp8: eb34c28f22e8b96e1ab97ce403110664 -> 
  custom:video-decoder-webm-vp8: 9c59270c3fd7afecdb556c50c9e8de78 -> 
  custom:audio-decoder-ogg-vorbis: bf7c407c2cedff20999df2af8eb42d56 -> 
  custom:audio-encoder-webm-vorbis: bf7c407c2cedff20999df2af8eb42d56 -> 
========================================================================
Received Prepare
Registering precompiled user dll's ...
Registered in 0.147762 seconds.
Begin MonoManager ReloadAssembly
Symbol file LoadedFromMemory doesn't match image C:\Users\rafae\Documents\GitHub\Jogo\JogoFAJ\Library\PackageCache\com.unity.collab-proxy@1.15.15\Lib\Editor\PlasticSCM\unityplastic.dll
Native extension for WindowsStandalone target not found
Native extension for WebGL target not found
Refreshing native plugins compatible for Editor in 2.36 ms, found 3 plugins.
Preloading 0 native plugins for Editor in 0.00 ms.
Mono: successfully reloaded assembly
- Completed reload, in  8.704 seconds
Domain Reload Profiling:
	ReloadAssembly (8706ms)
		BeginReloadAssembly (2994ms)
			ExecutionOrderSort (0ms)
			DisableScriptedObjects (32ms)
			BackupInstance (0ms)
			ReleaseScriptingObjects (0ms)
			CreateAndSetChildDomain (122ms)
		EndReloadAssembly (5192ms)
			LoadAssemblies (3193ms)
			RebuildTransferFunctionScriptingTraits (0ms)
			SetupTypeCache (1629ms)
			ReleaseScriptCaches (11ms)
			RebuildScriptCaches (1338ms)
			SetupLoadedEditorAssemblies (1185ms)
				LogAssemblyErrors (0ms)
				InitializePlatformSupportModulesInManaged (22ms)
				SetLoadedEditorAssemblies (1ms)
				RefreshPlugins (3ms)
				BeforeProcessingInitializeOnLoad (343ms)
				ProcessInitializeOnLoadAttributes (731ms)
				ProcessInitializeOnLoadMethodAttributes (43ms)
				AfterProcessingInitializeOnLoad (40ms)
				EditorAssembliesLoaded (1ms)
			ExecutionOrderSort2 (0ms)
			AwakeInstancesAfterBackupRestoration (37ms)
Platform modules already initialized, skipping
Refreshing native plugins compatible for Editor in 1.58 ms, found 3 plugins.
Preloading 0 native plugins for Editor in 0.00 ms.
Unloading 2199 Unused Serialized files (Serialized files now loaded: 0)
System memory in use before: 99.8 MB.
System memory in use after: 99.9 MB.

Unloading 15 unused Assets to reduce memory usage. Loaded Objects now: 2658.
Total: 8.812200 ms (FindLiveObjects: 0.525900 ms CreateObjectMapping: 0.252200 ms MarkObjects: 7.853000 ms  DeleteObjects: 0.177200 ms)

AssetImportParameters requested are different than current active one (requested -> active):
  custom:framework-win-MediaFoundation: 216162199b28c13a410421893ffa2e32 -> 
  custom:video-decoder-ogg-theora: a1e56fd34408186e4bbccfd4996cb3dc -> 
  custom:container-muxer-webm: aa71ff27fc2769a1b78a27578f13a17b -> 
  custom:container-demuxer-webm: 4f35f7cbe854078d1ac9338744f61a02 -> 
  custom:container-demuxer-ogg: 62fdf1f143b41e24485cea50d1cbac27 -> 
  custom:video-encoder-webm-vp8: eb34c28f22e8b96e1ab97ce403110664 -> 
  custom:video-decoder-webm-vp8: 9c59270c3fd7afecdb556c50c9e8de78 -> 
  custom:audio-decoder-ogg-vorbis: bf7c407c2cedff20999df2af8eb42d56 -> 
  custom:audio-encoder-webm-vorbis: bf7c407c2cedff20999df2af8eb42d56 -> 
========================================================================
Received Prepare
Registering precompiled user dll's ...
Registered in 0.023263 seconds.
Begin MonoManager ReloadAssembly
Symbol file LoadedFromMemory doesn't match image C:\Users\rafae\Documents\GitHub\Jogo\JogoFAJ\Library\PackageCache\com.unity.collab-proxy@1.15.15\Lib\Editor\PlasticSCM\unityplastic.dll
Native extension for WindowsStandalone target not found
Native extension for WebGL target not found
Refreshing native plugins compatible for Editor in 2.64 ms, found 3 plugins.
Preloading 0 native plugins for Editor in 0.00 ms.
Mono: successfully reloaded assembly
- Completed reload, in 14.554 seconds
Domain Reload Profiling:
	ReloadAssembly (14556ms)
		BeginReloadAssembly (5298ms)
			ExecutionOrderSort (0ms)
			DisableScriptedObjects (73ms)
			BackupInstance (0ms)
			ReleaseScriptingObjects (0ms)
			CreateAndSetChildDomain (333ms)
		EndReloadAssembly (3934ms)
			LoadAssemblies (4810ms)
			RebuildTransferFunctionScriptingTraits (0ms)
			SetupTypeCache (1480ms)
			ReleaseScriptCaches (5ms)
			RebuildScriptCaches (181ms)
			SetupLoadedEditorAssemblies (1447ms)
				LogAssemblyErrors (0ms)
				InitializePlatformSupportModulesInManaged (21ms)
				SetLoadedEditorAssemblies (1ms)
				RefreshPlugins (3ms)
				BeforeProcessingInitializeOnLoad (467ms)
				ProcessInitializeOnLoadAttributes (859ms)
				ProcessInitializeOnLoadMethodAttributes (46ms)
				AfterProcessingInitializeOnLoad (50ms)
				EditorAssembliesLoaded (1ms)
			ExecutionOrderSort2 (0ms)
			AwakeInstancesAfterBackupRestoration (33ms)
Platform modules already initialized, skipping
Refreshing native plugins compatible for Editor in 1.81 ms, found 3 plugins.
Preloading 0 native plugins for Editor in 0.00 ms.
Unloading 2199 Unused Serialized files (Serialized files now loaded: 0)
System memory in use before: 99.9 MB.
System memory in use after: 99.9 MB.

Unloading 15 unused Assets to reduce memory usage. Loaded Objects now: 2661.
Total: 9.495200 ms (FindLiveObjects: 0.498400 ms CreateObjectMapping: 0.195000 ms MarkObjects: 8.514900 ms  DeleteObjects: 0.282600 ms)

AssetImportParameters requested are different than current active one (requested -> active):
  custom:framework-win-MediaFoundation: 216162199b28c13a410421893ffa2e32 -> 
  custom:video-decoder-ogg-theora: a1e56fd34408186e4bbccfd4996cb3dc -> 
  custom:container-muxer-webm: aa71ff27fc2769a1b78a27578f13a17b -> 
  custom:container-demuxer-webm: 4f35f7cbe854078d1ac9338744f61a02 -> 
  custom:container-demuxer-ogg: 62fdf1f143b41e24485cea50d1cbac27 -> 
  custom:video-encoder-webm-vp8: eb34c28f22e8b96e1ab97ce403110664 -> 
  custom:video-decoder-webm-vp8: 9c59270c3fd7afecdb556c50c9e8de78 -> 
  custom:audio-decoder-ogg-vorbis: bf7c407c2cedff20999df2af8eb42d56 -> 
  custom:audio-encoder-webm-vorbis: bf7c407c2cedff20999df2af8eb42d56 -> 
========================================================================
Received Prepare
Registering precompiled user dll's ...
Registered in 0.013840 seconds.
Begin MonoManager ReloadAssembly
Symbol file LoadedFromMemory doesn't match image C:\Users\rafae\Documents\GitHub\Jogo\JogoFAJ\Library\PackageCache\com.unity.collab-proxy@1.15.15\Lib\Editor\PlasticSCM\unityplastic.dll
Native extension for WindowsStandalone target not found
Native extension for WebGL target not found
Refreshing native plugins compatible for Editor in 1.35 ms, found 3 plugins.
Preloading 0 native plugins for Editor in 0.00 ms.
Mono: successfully reloaded assembly
- Completed reload, in  3.997 seconds
Domain Reload Profiling:
	ReloadAssembly (3998ms)
		BeginReloadAssembly (479ms)
			ExecutionOrderSort (0ms)
			DisableScriptedObjects (25ms)
			BackupInstance (0ms)
			ReleaseScriptingObjects (0ms)
			CreateAndSetChildDomain (114ms)
		EndReloadAssembly (3112ms)
			LoadAssemblies (525ms)
			RebuildTransferFunctionScriptingTraits (0ms)
			SetupTypeCache (1036ms)
			ReleaseScriptCaches (3ms)
			RebuildScriptCaches (133ms)
			SetupLoadedEditorAssemblies (1207ms)
				LogAssemblyErrors (0ms)
				InitializePlatformSupportModulesInManaged (19ms)
				SetLoadedEditorAssemblies (1ms)
				RefreshPlugins (2ms)
				BeforeProcessingInitializeOnLoad (331ms)
				ProcessInitializeOnLoadAttributes (780ms)
				ProcessInitializeOnLoadMethodAttributes (33ms)
				AfterProcessingInitializeOnLoad (40ms)
				EditorAssembliesLoaded (0ms)
			ExecutionOrderSort2 (0ms)
			AwakeInstancesAfterBackupRestoration (37ms)
Platform modules already initialized, skipping
Refreshing native plugins compatible for Editor in 1.43 ms, found 3 plugins.
Preloading 0 native plugins for Editor in 0.00 ms.
Unloading 2199 Unused Serialized files (Serialized files now loaded: 0)
System memory in use before: 99.9 MB.
System memory in use after: 100.0 MB.

Unloading 15 unused Assets to reduce memory usage. Loaded Objects now: 2664.
Total: 12.713300 ms (FindLiveObjects: 0.864000 ms CreateObjectMapping: 0.643900 ms MarkObjects: 11.037800 ms  DeleteObjects: 0.163200 ms)

AssetImportParameters requested are different than current active one (requested -> active):
  custom:framework-win-MediaFoundation: 216162199b28c13a410421893ffa2e32 -> 
  custom:video-decoder-ogg-theora: a1e56fd34408186e4bbccfd4996cb3dc -> 
  custom:container-muxer-webm: aa71ff27fc2769a1b78a27578f13a17b -> 
  custom:container-demuxer-webm: 4f35f7cbe854078d1ac9338744f61a02 -> 
  custom:container-demuxer-ogg: 62fdf1f143b41e24485cea50d1cbac27 -> 
  custom:video-encoder-webm-vp8: eb34c28f22e8b96e1ab97ce403110664 -> 
  custom:video-decoder-webm-vp8: 9c59270c3fd7afecdb556c50c9e8de78 -> 
  custom:audio-decoder-ogg-vorbis: bf7c407c2cedff20999df2af8eb42d56 -> 
  custom:audio-encoder-webm-vorbis: bf7c407c2cedff20999df2af8eb42d56 -> 
========================================================================
Received Prepare
Registering precompiled user dll's ...
Registered in 0.014857 seconds.
Begin MonoManager ReloadAssembly
Symbol file LoadedFromMemory doesn't match image C:\Users\rafae\Documents\GitHub\Jogo\JogoFAJ\Library\PackageCache\com.unity.collab-proxy@1.15.15\Lib\Editor\PlasticSCM\unityplastic.dll
Native extension for WindowsStandalone target not found
Native extension for WebGL target not found
Refreshing native plugins compatible for Editor in 2.98 ms, found 3 plugins.
Preloading 0 native plugins for Editor in 0.00 ms.
Mono: successfully reloaded assembly
- Completed reload, in 18.468 seconds
Domain Reload Profiling:
	ReloadAssembly (18473ms)
		BeginReloadAssembly (1006ms)
			ExecutionOrderSort (0ms)
			DisableScriptedObjects (52ms)
			BackupInstance (0ms)
			ReleaseScriptingObjects (0ms)
			CreateAndSetChildDomain (201ms)
		EndReloadAssembly (16837ms)
			LoadAssemblies (1086ms)
			RebuildTransferFunctionScriptingTraits (0ms)
			SetupTypeCache (6779ms)
			ReleaseScriptCaches (8ms)
			RebuildScriptCaches (302ms)
			SetupLoadedEditorAssemblies (7794ms)
				LogAssemblyErrors (0ms)
				InitializePlatformSupportModulesInManaged (73ms)
				SetLoadedEditorAssemblies (9ms)
				RefreshPlugins (4ms)
				BeforeProcessingInitializeOnLoad (4962ms)
				ProcessInitializeOnLoadAttributes (2433ms)
				ProcessInitializeOnLoadMethodAttributes (191ms)
				AfterProcessingInitializeOnLoad (120ms)
				EditorAssembliesLoaded (2ms)
			ExecutionOrderSort2 (0ms)
			AwakeInstancesAfterBackupRestoration (88ms)
Platform modules already initialized, skipping
Refreshing native plugins compatible for Editor in 2.71 ms, found 3 plugins.
Preloading 0 native plugins for Editor in 0.00 ms.
Unloading 2199 Unused Serialized files (Serialized files now loaded: 0)
System memory in use before: 99.9 MB.
System memory in use after: 100.0 MB.

Unloading 15 unused Assets to reduce memory usage. Loaded Objects now: 2667.
Total: 18.434500 ms (FindLiveObjects: 1.025500 ms CreateObjectMapping: 0.363000 ms MarkObjects: 16.881400 ms  DeleteObjects: 0.161000 ms)

AssetImportParameters requested are different than current active one (requested -> active):
  custom:framework-win-MediaFoundation: 216162199b28c13a410421893ffa2e32 -> 
  custom:video-decoder-ogg-theora: a1e56fd34408186e4bbccfd4996cb3dc -> 
  custom:container-muxer-webm: aa71ff27fc2769a1b78a27578f13a17b -> 
  custom:container-demuxer-webm: 4f35f7cbe854078d1ac9338744f61a02 -> 
  custom:container-demuxer-ogg: 62fdf1f143b41e24485cea50d1cbac27 -> 
  custom:video-encoder-webm-vp8: eb34c28f22e8b96e1ab97ce403110664 -> 
  custom:video-decoder-webm-vp8: 9c59270c3fd7afecdb556c50c9e8de78 -> 
  custom:audio-decoder-ogg-vorbis: bf7c407c2cedff20999df2af8eb42d56 -> 
  custom:audio-encoder-webm-vorbis: bf7c407c2cedff20999df2af8eb42d56 -> 
========================================================================
Received Prepare
Registering precompiled user dll's ...
Registered in 0.027535 seconds.
Begin MonoManager ReloadAssembly
Symbol file LoadedFromMemory doesn't match image C:\Users\rafae\Documents\GitHub\Jogo\JogoFAJ\Library\PackageCache\com.unity.collab-proxy@1.15.15\Lib\Editor\PlasticSCM\unityplastic.dll
Native extension for WindowsStandalone target not found
Native extension for WebGL target not found
Refreshing native plugins compatible for Editor in 1.34 ms, found 3 plugins.
Preloading 0 native plugins for Editor in 0.00 ms.
Mono: successfully reloaded assembly
- Completed reload, in  6.649 seconds
Domain Reload Profiling:
	ReloadAssembly (6651ms)
		BeginReloadAssembly (986ms)
			ExecutionOrderSort (0ms)
			DisableScriptedObjects (57ms)
			BackupInstance (0ms)
			ReleaseScriptingObjects (0ms)
			CreateAndSetChildDomain (183ms)
		EndReloadAssembly (5177ms)
			LoadAssemblies (1571ms)
			RebuildTransferFunctionScriptingTraits (0ms)
			SetupTypeCache (1552ms)
			ReleaseScriptCaches (11ms)
			RebuildScriptCaches (264ms)
			SetupLoadedEditorAssemblies (1479ms)
				LogAssemblyErrors (0ms)
				InitializePlatformSupportModulesInManaged (18ms)
				SetLoadedEditorAssemblies (2ms)
				RefreshPlugins (2ms)
				BeforeProcessingInitializeOnLoad (370ms)
				ProcessInitializeOnLoadAttributes (963ms)
				ProcessInitializeOnLoadMethodAttributes (49ms)
				AfterProcessingInitializeOnLoad (76ms)
				EditorAssembliesLoaded (1ms)
			ExecutionOrderSort2 (0ms)
			AwakeInstancesAfterBackupRestoration (42ms)
Platform modules already initialized, skipping
Refreshing native plugins compatible for Editor in 6.64 ms, found 3 plugins.
Preloading 0 native plugins for Editor in 0.00 ms.
Unloading 2199 Unused Serialized files (Serialized files now loaded: 0)
System memory in use before: 99.9 MB.
System memory in use after: 100.0 MB.

Unloading 15 unused Assets to reduce memory usage. Loaded Objects now: 2670.
Total: 10.766000 ms (FindLiveObjects: 0.466300 ms CreateObjectMapping: 0.179600 ms MarkObjects: 9.944100 ms  DeleteObjects: 0.172200 ms)

AssetImportParameters requested are different than current active one (requested -> active):
  custom:framework-win-MediaFoundation: 216162199b28c13a410421893ffa2e32 -> 
  custom:video-decoder-ogg-theora: a1e56fd34408186e4bbccfd4996cb3dc -> 
  custom:container-muxer-webm: aa71ff27fc2769a1b78a27578f13a17b -> 
  custom:container-demuxer-webm: 4f35f7cbe854078d1ac9338744f61a02 -> 
  custom:container-demuxer-ogg: 62fdf1f143b41e24485cea50d1cbac27 -> 
  custom:video-encoder-webm-vp8: eb34c28f22e8b96e1ab97ce403110664 -> 
  custom:video-decoder-webm-vp8: 9c59270c3fd7afecdb556c50c9e8de78 -> 
  custom:audio-decoder-ogg-vorbis: bf7c407c2cedff20999df2af8eb42d56 -> 
  custom:audio-encoder-webm-vorbis: bf7c407c2cedff20999df2af8eb42d56 -> 
========================================================================
Received Prepare
Registering precompiled user dll's ...
Registered in 0.052056 seconds.
Begin MonoManager ReloadAssembly
Symbol file LoadedFromMemory doesn't match image C:\Users\rafae\Documents\GitHub\Jogo\JogoFAJ\Library\PackageCache\com.unity.collab-proxy@1.15.15\Lib\Editor\PlasticSCM\unityplastic.dll
Native extension for WindowsStandalone target not found
Native extension for WebGL target not found
Refreshing native plugins compatible for Editor in 1.38 ms, found 3 plugins.
Preloading 0 native plugins for Editor in 0.00 ms.
Mono: successfully reloaded assembly
- Completed reload, in  6.860 seconds
Domain Reload Profiling:
	ReloadAssembly (6862ms)
		BeginReloadAssembly (1403ms)
			ExecutionOrderSort (0ms)
			DisableScriptedObjects (61ms)
			BackupInstance (0ms)
			ReleaseScriptingObjects (0ms)
			CreateAndSetChildDomain (297ms)
		EndReloadAssembly (4842ms)
			LoadAssemblies (1214ms)
			RebuildTransferFunctionScriptingTraits (0ms)
			SetupTypeCache (1653ms)
			ReleaseScriptCaches (2ms)
			RebuildScriptCaches (118ms)
			SetupLoadedEditorAssemblies (1821ms)
				LogAssemblyErrors (0ms)
				InitializePlatformSupportModulesInManaged (21ms)
				SetLoadedEditorAssemblies (3ms)
				RefreshPlugins (2ms)
				BeforeProcessingInitializeOnLoad (255ms)
				ProcessInitializeOnLoadAttributes (1315ms)
				ProcessInitializeOnLoadMethodAttributes (89ms)
				AfterProcessingInitializeOnLoad (136ms)
				EditorAssembliesLoaded (1ms)
			ExecutionOrderSort2 (0ms)
			AwakeInstancesAfterBackupRestoration (195ms)
Platform modules already initialized, skipping
Refreshing native plugins compatible for Editor in 11.72 ms, found 3 plugins.
Preloading 0 native plugins for Editor in 0.00 ms.
Unloading 2199 Unused Serialized files (Serialized files now loaded: 0)
System memory in use before: 99.9 MB.
System memory in use after: 100.0 MB.

Unloading 15 unused Assets to reduce memory usage. Loaded Objects now: 2673.
Total: 39.663900 ms (FindLiveObjects: 7.698400 ms CreateObjectMapping: 1.065800 ms MarkObjects: 30.562400 ms  DeleteObjects: 0.332700 ms)

AssetImportParameters requested are different than current active one (requested -> active):
  custom:framework-win-MediaFoundation: 216162199b28c13a410421893ffa2e32 -> 
  custom:video-decoder-ogg-theora: a1e56fd34408186e4bbccfd4996cb3dc -> 
  custom:container-muxer-webm: aa71ff27fc2769a1b78a27578f13a17b -> 
  custom:container-demuxer-webm: 4f35f7cbe854078d1ac9338744f61a02 -> 
  custom:container-demuxer-ogg: 62fdf1f143b41e24485cea50d1cbac27 -> 
  custom:video-encoder-webm-vp8: eb34c28f22e8b96e1ab97ce403110664 -> 
  custom:video-decoder-webm-vp8: 9c59270c3fd7afecdb556c50c9e8de78 -> 
  custom:audio-decoder-ogg-vorbis: bf7c407c2cedff20999df2af8eb42d56 -> 
  custom:audio-encoder-webm-vorbis: bf7c407c2cedff20999df2af8eb42d56 -> 
========================================================================
Received Prepare
Registering precompiled user dll's ...
Registered in 0.070334 seconds.
Begin MonoManager ReloadAssembly
Symbol file LoadedFromMemory doesn't match image C:\Users\rafae\Documents\GitHub\Jogo\JogoFAJ\Library\PackageCache\com.unity.collab-proxy@1.15.15\Lib\Editor\PlasticSCM\unityplastic.dll
Native extension for WindowsStandalone target not found
Native extension for WebGL target not found
Refreshing native plugins compatible for Editor in 2.76 ms, found 3 plugins.
Preloading 0 native plugins for Editor in 0.00 ms.
Mono: successfully reloaded assembly
- Completed reload, in 12.554 seconds
Domain Reload Profiling:
	ReloadAssembly (12557ms)
		BeginReloadAssembly (3014ms)
			ExecutionOrderSort (0ms)
			DisableScriptedObjects (67ms)
			BackupInstance (0ms)
			ReleaseScriptingObjects (0ms)
			CreateAndSetChildDomain (374ms)
		EndReloadAssembly (8822ms)
			LoadAssemblies (2827ms)
			RebuildTransferFunctionScriptingTraits (0ms)
			SetupTypeCache (2775ms)
			ReleaseScriptCaches (5ms)
			RebuildScriptCaches (464ms)
			SetupLoadedEditorAssemblies (3666ms)
				LogAssemblyErrors (0ms)
				InitializePlatformSupportModulesInManaged (77ms)
				SetLoadedEditorAssemblies (5ms)
				RefreshPlugins (3ms)
				BeforeProcessingInitializeOnLoad (910ms)
				ProcessInitializeOnLoadAttributes (2455ms)
				ProcessInitializeOnLoadMethodAttributes (96ms)
				AfterProcessingInitializeOnLoad (120ms)
				EditorAssembliesLoaded (1ms)
			ExecutionOrderSort2 (0ms)
			AwakeInstancesAfterBackupRestoration (102ms)
Platform modules already initialized, skipping
Refreshing native plugins compatible for Editor in 1.84 ms, found 3 plugins.
Preloading 0 native plugins for Editor in 0.00 ms.
Unloading 2199 Unused Serialized files (Serialized files now loaded: 0)
System memory in use before: 99.9 MB.
System memory in use after: 100.0 MB.

Unloading 15 unused Assets to reduce memory usage. Loaded Objects now: 2676.
Total: 34.471100 ms (FindLiveObjects: 6.427900 ms CreateObjectMapping: 1.643400 ms MarkObjects: 26.165000 ms  DeleteObjects: 0.229700 ms)

AssetImportParameters requested are different than current active one (requested -> active):
  custom:framework-win-MediaFoundation: 216162199b28c13a410421893ffa2e32 -> 
  custom:video-decoder-ogg-theora: a1e56fd34408186e4bbccfd4996cb3dc -> 
  custom:container-muxer-webm: aa71ff27fc2769a1b78a27578f13a17b -> 
  custom:container-demuxer-webm: 4f35f7cbe854078d1ac9338744f61a02 -> 
  custom:container-demuxer-ogg: 62fdf1f143b41e24485cea50d1cbac27 -> 
  custom:video-encoder-webm-vp8: eb34c28f22e8b96e1ab97ce403110664 -> 
  custom:video-decoder-webm-vp8: 9c59270c3fd7afecdb556c50c9e8de78 -> 
  custom:audio-decoder-ogg-vorbis: bf7c407c2cedff20999df2af8eb42d56 -> 
  custom:audio-encoder-webm-vorbis: bf7c407c2cedff20999df2af8eb42d56 -> 
========================================================================
Received Prepare
Registering precompiled user dll's ...
Registered in 0.083255 seconds.
Begin MonoManager ReloadAssembly
Symbol file LoadedFromMemory doesn't match image C:\Users\rafae\Documents\GitHub\Jogo\JogoFAJ\Library\PackageCache\com.unity.collab-proxy@1.15.15\Lib\Editor\PlasticSCM\unityplastic.dll
Native extension for WindowsStandalone target not found
Native extension for WebGL target not found
Refreshing native plugins compatible for Editor in 1.35 ms, found 3 plugins.
Preloading 0 native plugins for Editor in 0.00 ms.
Mono: successfully reloaded assembly
- Completed reload, in  7.090 seconds
Domain Reload Profiling:
	ReloadAssembly (7092ms)
		BeginReloadAssembly (2124ms)
			ExecutionOrderSort (0ms)
			DisableScriptedObjects (17ms)
			BackupInstance (0ms)
			ReleaseScriptingObjects (1ms)
			CreateAndSetChildDomain (769ms)
		EndReloadAssembly (4457ms)
			LoadAssemblies (826ms)
			RebuildTransferFunctionScriptingTraits (0ms)
			SetupTypeCache (1823ms)
			ReleaseScriptCaches (3ms)
			RebuildScriptCaches (138ms)
			SetupLoadedEditorAssemblies (1204ms)
				LogAssemblyErrors (0ms)
				InitializePlatformSupportModulesInManaged (17ms)
				SetLoadedEditorAssemblies (1ms)
				RefreshPlugins (2ms)
				BeforeProcessingInitializeOnLoad (370ms)
				ProcessInitializeOnLoadAttributes (713ms)
				ProcessInitializeOnLoadMethodAttributes (43ms)
				AfterProcessingInitializeOnLoad (57ms)
				EditorAssembliesLoaded (1ms)
			ExecutionOrderSort2 (0ms)
			AwakeInstancesAfterBackupRestoration (47ms)
Platform modules already initialized, skipping
Refreshing native plugins compatible for Editor in 1.45 ms, found 3 plugins.
Preloading 0 native plugins for Editor in 0.00 ms.
Unloading 2199 Unused Serialized files (Serialized files now loaded: 0)
System memory in use before: 99.9 MB.
System memory in use after: 100.0 MB.

Unloading 15 unused Assets to reduce memory usage. Loaded Objects now: 2679.
Total: 9.031100 ms (FindLiveObjects: 0.482300 ms CreateObjectMapping: 0.246300 ms MarkObjects: 8.115200 ms  DeleteObjects: 0.183100 ms)

AssetImportParameters requested are different than current active one (requested -> active):
  custom:framework-win-MediaFoundation: 216162199b28c13a410421893ffa2e32 -> 
  custom:video-decoder-ogg-theora: a1e56fd34408186e4bbccfd4996cb3dc -> 
  custom:container-muxer-webm: aa71ff27fc2769a1b78a27578f13a17b -> 
  custom:container-demuxer-webm: 4f35f7cbe854078d1ac9338744f61a02 -> 
  custom:container-demuxer-ogg: 62fdf1f143b41e24485cea50d1cbac27 -> 
  custom:video-encoder-webm-vp8: eb34c28f22e8b96e1ab97ce403110664 -> 
  custom:video-decoder-webm-vp8: 9c59270c3fd7afecdb556c50c9e8de78 -> 
  custom:audio-decoder-ogg-vorbis: bf7c407c2cedff20999df2af8eb42d56 -> 
  custom:audio-encoder-webm-vorbis: bf7c407c2cedff20999df2af8eb42d56 -> 
========================================================================
Received Prepare
Registering precompiled user dll's ...
Registered in 0.032070 seconds.
Begin MonoManager ReloadAssembly
Symbol file LoadedFromMemory doesn't match image C:\Users\rafae\Documents\GitHub\Jogo\JogoFAJ\Library\PackageCache\com.unity.collab-proxy@1.15.15\Lib\Editor\PlasticSCM\unityplastic.dll
Native extension for WindowsStandalone target not found
Native extension for WebGL target not found
Refreshing native plugins compatible for Editor in 1.60 ms, found 3 plugins.
Preloading 0 native plugins for Editor in 0.00 ms.
Mono: successfully reloaded assembly
- Completed reload, in  5.462 seconds
Domain Reload Profiling:
	ReloadAssembly (5463ms)
		BeginReloadAssembly (790ms)
			ExecutionOrderSort (0ms)
			DisableScriptedObjects (36ms)
			BackupInstance (0ms)
			ReleaseScriptingObjects (0ms)
			CreateAndSetChildDomain (183ms)
		EndReloadAssembly (4399ms)
			LoadAssemblies (806ms)
			RebuildTransferFunctionScriptingTraits (0ms)
			SetupTypeCache (1711ms)
			ReleaseScriptCaches (4ms)
			RebuildScriptCaches (225ms)
			SetupLoadedEditorAssemblies (1464ms)
				LogAssemblyErrors (0ms)
				InitializePlatformSupportModulesInManaged (27ms)
				SetLoadedEditorAssemblies (2ms)
				RefreshPlugins (2ms)
				BeforeProcessingInitializeOnLoad (377ms)
				ProcessInitializeOnLoadAttributes (941ms)
				ProcessInitializeOnLoadMethodAttributes (50ms)
				AfterProcessingInitializeOnLoad (64ms)
				EditorAssembliesLoaded (1ms)
			ExecutionOrderSort2 (0ms)
			AwakeInstancesAfterBackupRestoration (38ms)
Platform modules already initialized, skipping
Refreshing native plugins compatible for Editor in 1.52 ms, found 3 plugins.
Preloading 0 native plugins for Editor in 0.00 ms.
Unloading 2199 Unused Serialized files (Serialized files now loaded: 0)
System memory in use before: 99.9 MB.
System memory in use after: 100.0 MB.

Unloading 15 unused Assets to reduce memory usage. Loaded Objects now: 2682.
Total: 10.391200 ms (FindLiveObjects: 0.505100 ms CreateObjectMapping: 0.223000 ms MarkObjects: 9.317200 ms  DeleteObjects: 0.342900 ms)

AssetImportParameters requested are different than current active one (requested -> active):
  custom:framework-win-MediaFoundation: 216162199b28c13a410421893ffa2e32 -> 
  custom:video-decoder-ogg-theora: a1e56fd34408186e4bbccfd4996cb3dc -> 
  custom:container-muxer-webm: aa71ff27fc2769a1b78a27578f13a17b -> 
  custom:container-demuxer-webm: 4f35f7cbe854078d1ac9338744f61a02 -> 
  custom:container-demuxer-ogg: 62fdf1f143b41e24485cea50d1cbac27 -> 
  custom:video-encoder-webm-vp8: eb34c28f22e8b96e1ab97ce403110664 -> 
  custom:video-decoder-webm-vp8: 9c59270c3fd7afecdb556c50c9e8de78 -> 
  custom:audio-decoder-ogg-vorbis: bf7c407c2cedff20999df2af8eb42d56 -> 
  custom:audio-encoder-webm-vorbis: bf7c407c2cedff20999df2af8eb42d56 -> 
========================================================================
Received Import Request.
  Time since last request: 2050.067544 seconds.
  path: Assets/Scripts/inimigo.cs
  artifactKey: Guid(5d5c9942935b3634e8fe343984fa57dd) Importer(815301076,1909f56bfc062723c751e8b465ee728b)
Start importing Assets/Scripts/inimigo.cs using Guid(5d5c9942935b3634e8fe343984fa57dd) Importer(815301076,1909f56bfc062723c751e8b465ee728b)  -> (artifact id: '034f8c843d6bb8d087004db20579ca15') in 0.027791 seconds 
========================================================================
Received Prepare
Registering precompiled user dll's ...
Registered in 0.032456 seconds.
Begin MonoManager ReloadAssembly
Symbol file LoadedFromMemory doesn't match image C:\Users\rafae\Documents\GitHub\Jogo\JogoFAJ\Library\PackageCache\com.unity.collab-proxy@1.15.15\Lib\Editor\PlasticSCM\unityplastic.dll
Native extension for WindowsStandalone target not found
Native extension for WebGL target not found
Refreshing native plugins compatible for Editor in 2.43 ms, found 3 plugins.
Preloading 0 native plugins for Editor in 0.00 ms.
Mono: successfully reloaded assembly
- Completed reload, in 15.399 seconds
Domain Reload Profiling:
	ReloadAssembly (15402ms)
		BeginReloadAssembly (2184ms)
			ExecutionOrderSort (0ms)
			DisableScriptedObjects (47ms)
			BackupInstance (0ms)
			ReleaseScriptingObjects (0ms)
			CreateAndSetChildDomain (185ms)
		EndReloadAssembly (12262ms)
			LoadAssemblies (2962ms)
			RebuildTransferFunctionScriptingTraits (1ms)
			SetupTypeCache (3669ms)
			ReleaseScriptCaches (15ms)
			RebuildScriptCaches (543ms)
			SetupLoadedEditorAssemblies (5248ms)
				LogAssemblyErrors (0ms)
				InitializePlatformSupportModulesInManaged (81ms)
				SetLoadedEditorAssemblies (8ms)
				RefreshPlugins (3ms)
				BeforeProcessingInitializeOnLoad (1873ms)
				ProcessInitializeOnLoadAttributes (3026ms)
				ProcessInitializeOnLoadMethodAttributes (120ms)
				AfterProcessingInitializeOnLoad (134ms)
				EditorAssembliesLoaded (2ms)
			ExecutionOrderSort2 (0ms)
			AwakeInstancesAfterBackupRestoration (100ms)
Platform modules already initialized, skipping
Refreshing native plugins compatible for Editor in 1.65 ms, found 3 plugins.
Preloading 0 native plugins for Editor in 0.00 ms.
Unloading 2199 Unused Serialized files (Serialized files now loaded: 0)
System memory in use before: 99.9 MB.
System memory in use after: 100.0 MB.

Unloading 15 unused Assets to reduce memory usage. Loaded Objects now: 2685.
Total: 15.392300 ms (FindLiveObjects: 0.504600 ms CreateObjectMapping: 0.216900 ms MarkObjects: 14.409200 ms  DeleteObjects: 0.257900 ms)

AssetImportParameters requested are different than current active one (requested -> active):
  custom:framework-win-MediaFoundation: 216162199b28c13a410421893ffa2e32 -> 
  custom:video-decoder-ogg-theora: a1e56fd34408186e4bbccfd4996cb3dc -> 
  custom:container-muxer-webm: aa71ff27fc2769a1b78a27578f13a17b -> 
  custom:container-demuxer-webm: 4f35f7cbe854078d1ac9338744f61a02 -> 
  custom:container-demuxer-ogg: 62fdf1f143b41e24485cea50d1cbac27 -> 
  custom:video-encoder-webm-vp8: eb34c28f22e8b96e1ab97ce403110664 -> 
  custom:video-decoder-webm-vp8: 9c59270c3fd7afecdb556c50c9e8de78 -> 
  custom:audio-decoder-ogg-vorbis: bf7c407c2cedff20999df2af8eb42d56 -> 
  custom:audio-encoder-webm-vorbis: bf7c407c2cedff20999df2af8eb42d56 -> 
AssetImportWorkerClient::OnTransportError - code=2 error=End of file
